[INFO ] 2021-12-02 17:10:28.373 [main] MyFirstTestClass2 - Navegamos a la url de QAlified http://btd-bantotal.eastus2.cloudapp.azure.com:4462/btdeveloper/servlet/com.dlya.bantotal.hlogin
[INFO ] 2021-12-02 17:10:31.359 [main] WorkWithLogin - Se ingresa usuario de la persona- {}
[INFO ] 2021-12-02 17:10:31.441 [main] WorkWithLogin - Se ingresa password de la persona- {}
[INFO ] 2021-12-02 17:10:32.368 [main] WebAutomator - Se cierra el WebDriver activo
[INFO ] 2021-12-02 17:10:34.016 [main] MyFirstTestClass - Navegamos a la url de QAlified https://qalified.com/
[INFO ] 2021-12-02 17:10:42.408 [main] WorkWithLogin - Se ingresa el nombre de la persona - {}
[INFO ] 2021-12-02 17:10:42.543 [main] WorkWithLogin - Se ingresa el mensaje- {}
[INFO ] 2021-12-02 17:10:42.723 [main] WebAutomator - Se cierra el WebDriver activo
[INFO ] 2021-12-02 17:37:39.861 [main] MyFirstTestClass2 - Navegamos a la url de QAlified http://btd-bantotal.eastus2.cloudapp.azure.com:4462/btdeveloper/servlet/com.dlya.bantotal.hlogin
[INFO ] 2021-12-02 17:38:25.060 [main] MyFirstTestClass2 - Navegamos a la url de QAlified http://btd-bantotal.eastus2.cloudapp.azure.com:4462/btdeveloper/servlet/com.dlya.bantotal.hlogin
[INFO ] 2021-12-02 17:43:25.211 [main] WebAutomator - Se cierra el WebDriver activo
[INFO ] 2021-12-02 17:43:27.941 [main] MyFirstTestClass - Navegamos a la url de QAlified https://qalified.com/
[INFO ] 2021-12-02 17:48:28.040 [main] WebAutomator - Se cierra el WebDriver activo
[INFO ] 2021-12-02 17:49:00.975 [main] MyFirstTestClass2 - Navegamos a la url de QAlified http://btd-bantotal.eastus2.cloudapp.azure.com:4462/btdeveloper/servlet/com.dlya.bantotal.hlogin
[INFO ] 2021-12-08 10:02:56.109 [main] MyFirstTestClass2 - Navegamos a la url de QAlified http://btd-bantotal.eastus2.cloudapp.azure.com:4462/btdeveloper/servlet/com.dlya.bantotal.hlogin
[INFO ] 2021-12-08 10:04:16.912 [main] MyFirstTestClass2 - Navegamos a la url de QAlified http://btd-bantotal.eastus2.cloudapp.azure.com:4462/btdeveloper/servlet/com.dlya.bantotal.hlogin
[INFO ] 2021-12-08 10:04:19.386 [main] WorkWithLogin - Se ingresa usuario de la persona- {}
[INFO ] 2021-12-08 10:04:19.504 [main] WorkWithLogin - Se ingresa password de la persona- {}
[INFO ] 2021-12-08 10:04:20.477 [main] WebAutomator - Se cierra el WebDriver activo
[INFO ] 2021-12-08 10:04:22.289 [main] MyFirstTestClass - Navegamos a la url de QAlified https://qalified.com/
[INFO ] 2021-12-08 10:04:31.460 [main] WorkWithLogin - Se ingresa el nombre de la persona - {}
[INFO ] 2021-12-08 10:04:31.586 [main] WorkWithLogin - Se ingresa el mensaje- {}
[INFO ] 2021-12-08 10:04:31.817 [main] WebAutomator - Se cierra el WebDriver activo
[INFO ] 2021-12-08 10:05:57.955 [main] MyFirstTestClass2 - Navegamos a la url de QAlified http://btd-bantotal.eastus2.cloudapp.azure.com:4462/btdeveloper/servlet/com.dlya.bantotal.hlogin
[INFO ] 2021-12-08 10:06:00.325 [main] WorkWithLogin - Se ingresa usuario de la persona- {}
[INFO ] 2021-12-08 10:06:00.415 [main] WorkWithLogin - Se ingresa password de la persona- {}
[INFO ] 2021-12-08 10:06:01.378 [main] WebAutomator - Se cierra el WebDriver activo
[INFO ] 2021-12-08 10:06:06.379 [main] MyFirstTestClass - Navegamos a la url de QAlified https://qalified.com/
[INFO ] 2021-12-08 10:06:10.831 [main] WorkWithLogin - Se ingresa el nombre de la persona - {}
[INFO ] 2021-12-08 10:06:10.920 [main] WorkWithLogin - Se ingresa el mensaje- {}
[INFO ] 2021-12-08 10:06:11.118 [main] WebAutomator - Se cierra el WebDriver activo
[INFO ] 2021-12-14 16:09:34.680 [main] MyFirstTestClass3 - Navegamos a la url de CURA Healthcare Service https://katalon-demo-cura.herokuapp.com
[INFO ] 2021-12-14 16:32:31.614 [main] MyFirstTestClass3 - Navegamos a la url de CURA Healthcare Service https://katalon-demo-cura.herokuapp.com
[INFO ] 2021-12-14 16:32:34.480 [main] WorkWithLogin - The person's username is entered - {}
[INFO ] 2021-12-14 16:32:34.607 [main] WorkWithLogin - The person's password is entered- {}
[INFO ] 2021-12-14 16:32:35.272 [main] WebAutomator - Se cierra el WebDriver activo
[INFO ] 2021-12-14 16:32:36.898 [main] MyFirstTestClass - Navegamos a la url de QAlified https://qalified.com/
[INFO ] 2021-12-14 16:32:46.474 [main] WorkWithLogin - The person's name is entered - {}
[INFO ] 2021-12-14 16:32:46.598 [main] WorkWithLogin - The message is entered - {}
[INFO ] 2021-12-14 16:32:46.784 [main] WebAutomator - Se cierra el WebDriver activo
[INFO ] 2021-12-14 16:33:01.206 [main] MyFirstTestClass3 - Navegamos a la url de CURA Healthcare Service https://katalon-demo-cura.herokuapp.com
[INFO ] 2021-12-14 16:33:05.789 [main] WorkWithLogin - The person's username is entered - {}
[INFO ] 2021-12-14 16:33:05.926 [main] WorkWithLogin - The person's password is entered- {}
[INFO ] 2021-12-14 16:33:06.588 [main] WebAutomator - Se cierra el WebDriver activo
[INFO ] 2021-12-14 16:33:08.103 [main] MyFirstTestClass - Navegamos a la url de QAlified https://qalified.com/
[INFO ] 2021-12-14 16:33:15.121 [main] WorkWithLogin - The person's name is entered - {}
[INFO ] 2021-12-14 16:33:15.266 [main] WorkWithLogin - The message is entered - {}
[INFO ] 2021-12-14 16:33:15.466 [main] WebAutomator - Se cierra el WebDriver activo
[INFO ] 2021-12-30 15:22:22.982 [main] MyFirstTestClass3 - Navegamos a la url de CURA Healthcare Service https://katalon-demo-cura.herokuapp.com
[INFO ] 2021-12-30 15:22:25.827 [main] WorkWithLogin - The person's username is entered - {}
[INFO ] 2021-12-30 15:22:25.915 [main] WorkWithLogin - The person's password is entered- {}
[INFO ] 2021-12-30 15:22:26.497 [main] WebAutomator - Se cierra el WebDriver activo
[INFO ] 2021-12-30 15:22:32.071 [main] MyFirstTestClass - Navegamos a la url de QAlified https://qalified.com/
[INFO ] 2021-12-30 15:22:37.682 [main] WorkWithLogin - The person's name is entered - {}
[INFO ] 2021-12-30 15:22:37.802 [main] WorkWithLogin - The message is entered - {}
[INFO ] 2021-12-30 15:22:38.037 [main] WebAutomator - Se cierra el WebDriver activo
[INFO ] 2021-12-30 15:25:59.260 [main] MyFirstTestClass3 - Navegamos a la url de CURA Healthcare Service https://katalon-demo-cura.herokuapp.com
[INFO ] 2021-12-30 15:26:01.757 [main] WorkWithLogin - The person's username is entered - {}
[INFO ] 2021-12-30 15:26:02.031 [main] WorkWithLogin - The person's password is entered- {}
[INFO ] 2021-12-30 15:26:02.701 [main] WebAutomator - Se cierra el WebDriver activo
[INFO ] 2021-12-30 15:26:04.198 [main] MyFirstTestClass - Navegamos a la url de QAlified https://qalified.com/
[INFO ] 2021-12-30 15:26:08.068 [main] WorkWithLogin - The person's name is entered - {}
[INFO ] 2021-12-30 15:26:08.209 [main] WorkWithLogin - The message is entered - {}
[INFO ] 2021-12-30 15:26:08.589 [main] WebAutomator - Se cierra el WebDriver activo
[INFO ] 2021-12-30 15:33:58.862 [main] MyFirstTestClass3 - Navegamos a la url de CURA Healthcare Service https://katalon-demo-cura.herokuapp.com
[INFO ] 2021-12-30 15:34:01.294 [main] WorkWithLogin - The person's username is entered - {}
[INFO ] 2021-12-30 15:34:01.422 [main] WorkWithLogin - The person's password is entered- {}
[INFO ] 2021-12-30 15:34:02.090 [main] WebAutomator - Se cierra el WebDriver activo
[INFO ] 2021-12-30 15:34:03.707 [main] MyFirstTestClass - Navegamos a la url de QAlified https://qalified.com/
[INFO ] 2021-12-30 15:34:09.682 [main] WorkWithLogin - The person's name is entered - {}
[INFO ] 2021-12-30 15:34:09.949 [main] WorkWithLogin - The message is entered - {}
[INFO ] 2021-12-30 15:34:10.224 [main] WebAutomator - Se cierra el WebDriver activo
[INFO ] 2021-12-30 15:34:48.473 [main] MyFirstTestClass3 - Navegamos a la url de CURA Healthcare Service https://katalon-demo-cura.herokuapp.com
[INFO ] 2021-12-30 15:36:19.345 [main] MyFirstTestClass3 - Navegamos a la url de CURA Healthcare Service https://katalon-demo-cura.herokuapp.com
[INFO ] 2021-12-30 15:36:24.242 [main] WorkWithLogin - The person's username is entered - {}
[INFO ] 2021-12-30 15:36:24.334 [main] WorkWithLogin - The person's password is entered- {}
[INFO ] 2021-12-30 15:36:24.814 [main] WebAutomator - Se cierra el WebDriver activo
[INFO ] 2021-12-30 15:36:25.725 [main] MyFirstTestClass - Navegamos a la url de QAlified https://qalified.com/
[INFO ] 2021-12-30 15:36:29.898 [main] WorkWithLogin - The person's name is entered - {}
[INFO ] 2021-12-30 15:36:30.019 [main] WorkWithLogin - The message is entered - {}
[INFO ] 2021-12-30 15:36:30.156 [main] WebAutomator - Se cierra el WebDriver activo
[INFO ] 2021-12-30 15:39:48.645 [main] WebAutomator - Se cierra el WebDriver activo
[INFO ] 2021-12-30 15:39:51.362 [main] MyFirstTestClass - Navegamos a la url de QAlified https://qalified.com/
[INFO ] 2021-12-30 15:40:35.455 [main] MyFirstTestClass3 - Navegamos a la url de CURA Healthcare Service https://katalon-demo-cura.herokuapp.com
[INFO ] 2021-12-30 15:40:37.947 [main] WorkWithLogin - The person's username is entered - {}
[INFO ] 2021-12-30 15:40:38.035 [main] WorkWithLogin - The person's password is entered- {}
[INFO ] 2021-12-30 15:40:38.561 [main] WebAutomator - Se cierra el WebDriver activo
[INFO ] 2021-12-30 15:40:39.564 [main] MyFirstTestClass - Navegamos a la url de QAlified https://qalified.com/
[INFO ] 2021-12-30 15:40:43.401 [main] WorkWithLogin - The person's name is entered - {}
[INFO ] 2021-12-30 15:40:43.508 [main] WorkWithLogin - The message is entered - {}
[INFO ] 2021-12-30 15:40:43.680 [main] WebAutomator - Se cierra el WebDriver activo
[INFO ] 2021-12-30 15:46:52.182 [main] MyFirstTestClass3 - Navigate to the url of CURA Healthcare Servicehttps://katalon-demo-cura.herokuapp.com
[INFO ] 2021-12-30 15:46:54.319 [main] WorkWithLogin - Click on the MakeAppoint button
[INFO ] 2021-12-30 15:46:54.679 [main] WorkWithLogin - The person's username is entered - John Doe
[INFO ] 2021-12-30 15:46:54.773 [main] WorkWithLogin - The person's password is entered
[INFO ] 2021-12-30 15:46:54.886 [main] WorkWithLogin - Click on the Login button
[INFO ] 2021-12-30 15:46:55.316 [main] WebAutomator - The active WebDriver closes
[INFO ] 2021-12-30 15:46:56.252 [main] MyFirstTestClass - Navigate to the url of QAlified https://qalified.com/
[INFO ] 2021-12-30 15:47:02.532 [main] WorkWithLogin - The person's name is entered - James Bond
[INFO ] 2021-12-30 15:47:02.657 [main] WorkWithLogin - The message is entered - My name is Bond, James Bond...
[INFO ] 2021-12-30 15:47:02.796 [main] WebAutomator - The active WebDriver closes
[INFO ] 2021-12-30 15:57:25.351 [main] MyFirstTestClass3 - Navigate to the url of CURA Healthcare Servicehttps://katalon-demo-cura.herokuapp.com
[INFO ] 2021-12-30 15:57:29.622 [main] WorkWithLogin - Click on the MakeAppoint button
[INFO ] 2021-12-30 15:57:30.000 [main] WorkWithLogin - The person's username is entered - John Doe
[INFO ] 2021-12-30 15:57:30.087 [main] WorkWithLogin - The person's password is entered
[INFO ] 2021-12-30 15:57:30.195 [main] WorkWithLogin - Click on the Login button
[INFO ] 2021-12-30 15:57:30.576 [main] WebAutomator - The active WebDriver closes
[INFO ] 2021-12-30 15:57:31.615 [main] MyFirstTestClass - Navigate to the url of QAlified https://qalified.com/
[INFO ] 2021-12-30 15:57:36.151 [main] WorkWithLogin - The person's name is entered - James Bond
[INFO ] 2021-12-30 15:57:36.248 [main] WorkWithLogin - The message is entered - My name is Bond, James Bond...
[INFO ] 2021-12-30 15:57:36.380 [main] WebAutomator - The active WebDriver closes
[INFO ] 2022-03-27 14:53:26.100 [main] MyFirstTestClass - Navigate to the url of QAlified https://qalified.com/
[INFO ] 2022-03-27 14:53:32.656 [main] WorkWithLogin - The person's name is entered - James Bond
[INFO ] 2022-03-27 14:53:32.768 [main] WorkWithLogin - The message is entered - My name is Bond, James Bond...
[INFO ] 2022-03-27 14:53:32.905 [main] WebAutomator - The active WebDriver closes
[INFO ] 2022-03-27 14:53:34.284 [main] MyFirstTestClass2 - Navigate to the url of CURA Healthcare Servicehttps://katalon-demo-cura.herokuapp.com
[INFO ] 2022-03-27 14:53:36.197 [main] WorkWithLogin - Click on the MakeAppoint button
[INFO ] 2022-03-27 14:53:36.552 [main] WorkWithLogin - The person's username is entered - John Doe
[INFO ] 2022-03-27 14:53:36.658 [main] WorkWithLogin - The person's password is entered
[INFO ] 2022-03-27 14:53:36.794 [main] WorkWithLogin - Click on the Login button
[INFO ] 2022-03-27 14:53:37.232 [main] WebAutomator - The active WebDriver closes
[INFO ] 2022-10-11 15:05:45.800 [main] WebAutomator - The active WebDriver closes
[INFO ] 2022-10-11 15:19:20.192 [main] WebAutomator - The active WebDriver closes
[INFO ] 2022-10-11 15:20:14.056 [main] WebAutomator - The active WebDriver closes
[INFO ] 2023-06-14 17:14:06.341 [main] WebAutomator - The active WebDriver closes
[INFO ] 2023-06-14 17:14:09.980 [main] WebAutomator - The active WebDriver closes
[INFO ] 2023-06-15 11:39:03.953 [main] WebAutomator - The active WebDriver closes
[INFO ] 2023-06-15 11:39:07.661 [main] WebAutomator - The active WebDriver closes
[INFO ] 2023-06-15 11:52:54.844 [main] WebAutomator - The active WebDriver closes
[INFO ] 2023-06-15 11:52:58.455 [main] WebAutomator - The active WebDriver closes
[INFO ] 2023-06-15 12:01:13.564 [main] WebAutomator - The active WebDriver closes
[INFO ] 2023-06-15 12:01:17.086 [main] WebAutomator - The active WebDriver closes
[INFO ] 2023-06-16 12:06:07.112 [main] WebAutomator - The active WebDriver closes
[INFO ] 2023-06-16 12:06:14.078 [main] WebAutomator - The active WebDriver closes
[INFO ] 2023-06-16 12:10:46.942 [main] WebAutomator - The active WebDriver closes
[INFO ] 2023-06-16 12:10:51.930 [main] WebAutomator - The active WebDriver closes
[INFO ] 2023-06-16 12:12:14.823 [main] WebAutomator - The active WebDriver closes
[INFO ] 2023-06-16 12:12:19.010 [main] WebAutomator - The active WebDriver closes
[INFO ] 2023-06-16 12:17:25.154 [main] WebAutomator - The active WebDriver closes
[INFO ] 2023-06-16 12:17:29.912 [main] WebAutomator - The active WebDriver closes
[INFO ] 2023-06-16 12:18:08.079 [main] WebAutomator - The active WebDriver closes
[INFO ] 2023-06-16 12:18:12.208 [main] WebAutomator - The active WebDriver closes
[INFO ] 2023-06-16 12:19:14.355 [main] WebAutomator - The active WebDriver closes
[INFO ] 2023-06-16 12:19:18.555 [main] WebAutomator - The active WebDriver closes
[INFO ] 2023-06-16 13:41:37.702 [main] WebAutomator - The active WebDriver closes
[INFO ] 2023-06-16 13:43:07.763 [main] WebAutomator - The active WebDriver closes
[INFO ] 2023-06-16 13:43:49.599 [main] WebAutomator - The active WebDriver closes
[INFO ] 2023-06-16 13:43:54.750 [main] WebAutomator - The active WebDriver closes
[INFO ] 2023-06-29 11:39:10.447 [main] WebAutomator - The active WebDriver closes
[INFO ] 2023-06-29 11:39:15.152 [main] WebAutomator - The active WebDriver closes
[INFO ] 2023-06-29 11:50:42.449 [main] WebAutomator - The active WebDriver closes
[INFO ] 2023-06-29 11:50:47.009 [main] WebAutomator - The active WebDriver closes
[INFO ] 2023-06-29 11:50:51.889 [main] WebAutomator - The active WebDriver closes
[INFO ] 2023-06-29 11:50:56.155 [main] WebAutomator - The active WebDriver closes
[INFO ] 2023-06-29 11:51:25.815 [main] WebAutomator - The active WebDriver closes
[INFO ] 2023-06-29 11:51:30.086 [main] WebAutomator - The active WebDriver closes
[INFO ] 2023-06-29 11:51:34.487 [main] WebAutomator - The active WebDriver closes
[INFO ] 2023-06-29 11:51:39.641 [main] WebAutomator - The active WebDriver closes
[INFO ] 2023-06-29 14:38:16.173 [main] WebAutomator - The active WebDriver closes
[INFO ] 2023-06-29 14:38:39.526 [main] WebAutomator - The active WebDriver closes
[INFO ] 2023-06-29 14:41:10.714 [main] WebAutomator - The active WebDriver closes
[INFO ] 2023-06-29 14:43:33.405 [main] WebAutomator - The active WebDriver closes
[INFO ] 2023-06-29 14:44:44.250 [main] WebAutomator - The active WebDriver closes
[INFO ] 2023-06-29 14:47:34.466 [main] WebAutomator - The active WebDriver closes
[INFO ] 2023-06-29 14:48:29.794 [main] WebAutomator - The active WebDriver closes
[INFO ] 2023-06-29 15:18:24.864 [main] WebAutomator - The active WebDriver closes
[INFO ] 2023-06-29 15:38:11.027 [main] WebAutomator - The active WebDriver closes
[INFO ] 2023-06-29 15:38:59.482 [main] WebAutomator - The active WebDriver closes
[INFO ] 2023-06-29 15:40:03.740 [main] WebAutomator - The active WebDriver closes
[INFO ] 2023-06-29 15:41:05.195 [main] WebAutomator - The active WebDriver closes
[INFO ] 2023-06-29 15:49:05.399 [main] WebAutomator - The active WebDriver closes
[INFO ] 2023-06-29 15:53:26.949 [main] WebAutomator - The active WebDriver closes
[INFO ] 2023-06-29 15:54:14.962 [main] WebAutomator - The active WebDriver closes
[INFO ] 2023-06-29 15:55:23.894 [main] WebAutomator - The active WebDriver closes
[INFO ] 2023-06-29 15:55:57.083 [main] WebAutomator - The active WebDriver closes
[INFO ] 2023-06-29 15:56:48.601 [main] WebAutomator - The active WebDriver closes
[INFO ] 2023-06-29 15:59:10.986 [main] WebAutomator - The active WebDriver closes
[INFO ] 2023-06-29 16:03:57.879 [main] WebAutomator - The active WebDriver closes
[INFO ] 2023-06-29 16:04:56.596 [main] WebAutomator - The active WebDriver closes
[INFO ] 2023-06-29 16:05:58.652 [main] WebAutomator - The active WebDriver closes
[INFO ] 2023-06-29 16:06:47.596 [main] WebAutomator - The active WebDriver closes
[INFO ] 2023-06-29 16:07:28.552 [main] WebAutomator - The active WebDriver closes
[INFO ] 2023-06-29 16:08:02.976 [main] WebAutomator - The active WebDriver closes
[INFO ] 2023-06-29 16:10:57.067 [main] WebAutomator - The active WebDriver closes
[INFO ] 2023-06-29 16:14:26.241 [main] WebAutomator - The active WebDriver closes
[INFO ] 2023-06-29 16:15:00.554 [main] WebAutomator - The active WebDriver closes
[INFO ] 2023-06-29 16:16:41.648 [main] WebAutomator - The active WebDriver closes
[INFO ] 2023-06-29 16:19:53.664 [main] WebAutomator - The active WebDriver closes
[INFO ] 2023-06-29 16:21:52.020 [main] WebAutomator - The active WebDriver closes
[INFO ] 2023-06-29 16:22:12.531 [main] WebAutomator - The active WebDriver closes
[INFO ] 2023-06-29 16:23:09.248 [main] WebAutomator - The active WebDriver closes
[INFO ] 2023-06-29 16:24:12.265 [main] WebAutomator - The active WebDriver closes
[INFO ] 2023-06-29 16:34:36.068 [main] WebAutomator - The active WebDriver closes
[INFO ] 2023-06-29 16:35:34.522 [main] WebAutomator - The active WebDriver closes
[INFO ] 2023-06-29 16:36:21.012 [main] WebAutomator - The active WebDriver closes
[INFO ] 2023-06-29 16:38:39.606 [main] WebAutomator - The active WebDriver closes
[INFO ] 2023-06-29 16:47:59.465 [main] WebAutomator - The active WebDriver closes
[INFO ] 2023-06-29 16:49:11.970 [main] WebAutomator - The active WebDriver closes
[INFO ] 2023-06-30 11:50:04.374 [main] WebAutomator - The active WebDriver closes
[INFO ] 2023-06-30 11:50:09.284 [main] WebAutomator - The active WebDriver closes
[INFO ] 2023-06-30 11:50:13.769 [main] WebAutomator - The active WebDriver closes
[INFO ] 2023-06-30 11:50:19.409 [main] WebAutomator - The active WebDriver closes
[INFO ] 2023-06-30 11:52:10.277 [main] WebAutomator - The active WebDriver closes
[INFO ] 2023-06-30 11:52:14.762 [main] WebAutomator - The active WebDriver closes
[INFO ] 2023-06-30 11:52:19.217 [main] WebAutomator - The active WebDriver closes
[INFO ] 2023-06-30 11:52:23.713 [main] WebAutomator - The active WebDriver closes
[INFO ] 2023-06-30 11:52:57.098 [main] WebAutomator - The active WebDriver closes
[INFO ] 2023-06-30 11:55:03.032 [main] WebAutomator - The active WebDriver closes
[INFO ] 2023-06-30 11:55:25.043 [main] WebAutomator - The active WebDriver closes
[INFO ] 2023-06-30 12:08:05.015 [main] WebAutomator - The active WebDriver closes
[INFO ] 2023-07-03 08:04:50.424 [main] WebAutomator - The active WebDriver closes
[INFO ] 2023-07-03 08:09:14.072 [main] WebAutomator - The active WebDriver closes
[INFO ] 2023-07-03 12:43:06.658 [main] myFirstTestClass - Navigate to the url of QAlified https://qalified.com/
[INFO ] 2023-07-03 12:43:10.123 [main] WorkWithLogin - The person's name is entered - James Bond
[INFO ] 2023-07-03 12:43:10.278 [main] WorkWithLogin - The message is entered - My name is Bond, James Bond...
[INFO ] 2023-07-03 12:43:10.536 [main] WebAutomator - The active WebDriver closes
[INFO ] 2023-07-03 12:43:12.146 [main] myFirstTestClass2 - Navigate to the url of CURA Healthcare Servicehttps://katalon-demo-cura.herokuapp.com
[INFO ] 2023-07-03 12:43:14.215 [main] WorkWithLogin - Click on the MakeAppoint button
[INFO ] 2023-07-03 12:43:14.564 [main] WorkWithLogin - The person's username is entered - John Doe
[INFO ] 2023-07-03 12:43:14.694 [main] WorkWithLogin - The person's password is entered
[INFO ] 2023-07-03 12:43:14.819 [main] WorkWithLogin - Click on the Login button
[INFO ] 2023-07-03 12:43:15.259 [main] WebAutomator - The active WebDriver closes
[INFO ] 2023-07-03 15:29:39.103 [main] WebAutomator - The active WebDriver closes
[INFO ] 2023-07-03 15:30:09.102 [main] WebAutomator - The active WebDriver closes
[INFO ] 2023-07-03 15:31:15.012 [main] WebAutomator - The active WebDriver closes
[INFO ] 2023-07-03 15:31:59.923 [main] WebAutomator - The active WebDriver closes
[INFO ] 2023-07-03 15:33:09.008 [main] WebAutomator - The active WebDriver closes
[INFO ] 2023-07-03 15:33:48.549 [main] WebAutomator - The active WebDriver closes
[INFO ] 2023-07-03 15:35:06.402 [main] WebAutomator - The active WebDriver closes
[INFO ] 2023-07-03 15:35:21.440 [main] WebAutomator - The active WebDriver closes
[INFO ] 2023-07-03 15:36:54.807 [main] WebAutomator - The active WebDriver closes
[INFO ] 2023-07-03 15:39:29.656 [main] WebAutomator - The active WebDriver closes
[INFO ] 2023-07-03 15:39:47.674 [main] WebAutomator - The active WebDriver closes
[INFO ] 2023-07-03 15:43:28.742 [main] WebAutomator - The active WebDriver closes
[INFO ] 2023-07-03 15:46:00.856 [main] WebAutomator - The active WebDriver closes
[INFO ] 2023-07-03 15:48:09.024 [main] WebAutomator - The active WebDriver closes
[INFO ] 2023-07-03 15:48:53.934 [main] WebAutomator - The active WebDriver closes
[INFO ] 2023-07-03 15:59:17.811 [main] WebAutomator - The active WebDriver closes
[INFO ] 2023-07-03 16:04:57.796 [main] WebAutomator - The active WebDriver closes
[INFO ] 2023-07-03 16:07:16.716 [main] WebAutomator - The active WebDriver closes
[INFO ] 2023-07-03 16:11:57.858 [main] WebAutomator - The active WebDriver closes
[INFO ] 2023-07-03 16:14:02.546 [main] WebAutomator - The active WebDriver closes
[INFO ] 2023-07-03 16:23:01.692 [main] WebAutomator - The active WebDriver closes
[INFO ] 2023-07-03 16:25:36.710 [main] WebAutomator - The active WebDriver closes
[INFO ] 2023-07-03 16:27:15.962 [main] WebAutomator - The active WebDriver closes
[INFO ] 2023-07-03 16:27:46.560 [main] WebAutomator - The active WebDriver closes
[INFO ] 2023-07-03 16:30:39.845 [main] WebAutomator - The active WebDriver closes
[INFO ] 2023-07-03 16:32:07.126 [main] WebAutomator - The active WebDriver closes
[INFO ] 2023-07-03 16:33:56.913 [main] WebAutomator - The active WebDriver closes
[INFO ] 2023-07-03 16:35:37.969 [main] WebAutomator - The active WebDriver closes
[INFO ] 2023-07-03 16:36:25.361 [main] WebAutomator - The active WebDriver closes
[INFO ] 2023-07-03 16:36:42.511 [main] WebAutomator - The active WebDriver closes
[INFO ] 2023-07-03 16:39:12.785 [main] WebAutomator - The active WebDriver closes
[INFO ] 2023-07-03 16:40:18.445 [main] WebAutomator - The active WebDriver closes
[INFO ] 2023-07-03 16:42:07.205 [main] WebAutomator - The active WebDriver closes
[INFO ] 2023-07-03 16:42:52.078 [main] WebAutomator - The active WebDriver closes
[INFO ] 2023-07-03 17:24:33.175 [main] WebAutomator - The active WebDriver closes
[INFO ] 2023-07-04 12:02:38.522 [main] WebAutomator - The active WebDriver closes
[INFO ] 2023-07-04 12:10:51.225 [main] WebAutomator - The active WebDriver closes
[INFO ] 2023-07-04 12:28:24.135 [main] WebAutomator - The active WebDriver closes
[INFO ] 2023-07-04 12:30:41.830 [main] WebAutomator - The active WebDriver closes
[INFO ] 2023-07-04 12:50:52.335 [main] WebAutomator - The active WebDriver closes
[INFO ] 2023-07-04 13:26:46.872 [main] WebAutomator - The active WebDriver closes
[INFO ] 2023-07-04 13:38:33.766 [main] WebAutomator - The active WebDriver closes
[INFO ] 2023-07-04 13:39:59.423 [main] WebAutomator - The active WebDriver closes
[INFO ] 2023-07-04 13:46:16.554 [main] WebAutomator - The active WebDriver closes
[INFO ] 2023-07-04 15:42:19.558 [main] WebAutomator - The active WebDriver closes
[INFO ] 2023-07-04 16:03:34.512 [main] WebAutomator - The active WebDriver closes
[INFO ] 2023-07-04 16:07:25.688 [main] WebAutomator - The active WebDriver closes
[INFO ] 2023-07-04 16:11:03.022 [main] WebAutomator - The active WebDriver closes
[INFO ] 2023-07-04 16:15:39.121 [main] WebAutomator - The active WebDriver closes
[INFO ] 2023-07-04 16:17:35.598 [main] WebAutomator - The active WebDriver closes
[INFO ] 2023-07-04 16:21:37.899 [main] WebAutomator - The active WebDriver closes
[INFO ] 2023-07-04 16:22:53.418 [main] WebAutomator - The active WebDriver closes
[INFO ] 2023-07-04 16:26:03.768 [main] WebAutomator - The active WebDriver closes
[INFO ] 2023-07-04 16:29:40.213 [main] WebAutomator - The active WebDriver closes
[INFO ] 2023-07-04 16:31:02.935 [main] WebAutomator - The active WebDriver closes
[INFO ] 2023-07-04 16:57:55.068 [main] WebAutomator - The active WebDriver closes
[INFO ] 2023-07-04 17:01:12.348 [main] WebAutomator - The active WebDriver closes
[INFO ] 2023-07-04 17:03:09.066 [main] WebAutomator - The active WebDriver closes
[INFO ] 2023-07-04 17:08:51.486 [main] WebAutomator - The active WebDriver closes
[INFO ] 2023-07-04 17:11:39.557 [main] WebAutomator - The active WebDriver closes
[INFO ] 2023-07-04 17:16:41.653 [main] WebAutomator - The active WebDriver closes
[INFO ] 2023-07-04 17:17:32.819 [main] WebAutomator - The active WebDriver closes
[INFO ] 2023-07-04 17:23:39.330 [main] WebAutomator - The active WebDriver closes
[INFO ] 2023-07-04 17:25:57.945 [main] WebAutomator - The active WebDriver closes
[INFO ] 2023-07-04 17:27:14.220 [main] WebAutomator - The active WebDriver closes
[INFO ] 2023-07-04 17:29:15.954 [main] WebAutomator - The active WebDriver closes
[INFO ] 2023-07-04 17:30:24.137 [main] WebAutomator - The active WebDriver closes
[INFO ] 2023-07-04 17:34:20.472 [main] WebAutomator - The active WebDriver closes
[INFO ] 2023-07-04 17:34:20.479 [main] WebAutomator - The active WebDriver closes
[INFO ] 2023-07-04 17:44:16.526 [main] WebAutomator - The active WebDriver closes
[INFO ] 2023-07-05 11:17:36.593 [main] WebAutomator - The active WebDriver closes
[INFO ] 2023-07-05 11:19:06.964 [main] WebAutomator - The active WebDriver closes
[INFO ] 2023-07-05 11:21:03.137 [main] WebAutomator - The active WebDriver closes
